<?xml version="1.0" encoding="UTF-8"?>
<!-- Generated by org.testng.reporters.JUnitReportReporter -->
<testsuite hostname="DESKTOP-RKDJRII" failures="0" tests="1" name="testscripts.FourthTest" time="18.360" errors="0" timestamp="2023-02-18T09:34:08 IST" skipped="0">
  <testcase classname="testscripts.FourthTest" name="fourthTest" time="18.360"/>
  <system-out/>
</testsuite> <!-- testscripts.FourthTest -->
