<?xml version="1.0" encoding="UTF-8"?>
<!-- Generated by org.testng.reporters.JUnitReportReporter -->
<testsuite hostname="DESKTOP-RKDJRII" failures="0" tests="1" name="testscripts.FirstTest" time="30.981" errors="0" timestamp="2023-02-17T08:52:00 IST" skipped="0">
  <testcase classname="testscripts.FirstTest" name="firstTest" time="30.981"/>
  <system-out/>
</testsuite> <!-- testscripts.FirstTest -->
