<?xml version="1.0" encoding="UTF-8"?>
<!-- Generated by org.testng.reporters.JUnitReportReporter -->
<testsuite hostname="DESKTOP-RKDJRII" failures="0" tests="1" name="testscripts.SecondTest" time="19.787" errors="0" timestamp="2023-02-18T09:05:25 IST" skipped="0">
  <testcase classname="testscripts.SecondTest" name="secondTest" time="19.787"/>
  <system-out/>
</testsuite> <!-- testscripts.SecondTest -->
