<?xml version="1.0" encoding="UTF-8"?>
<!-- Generated by org.testng.reporters.JUnitReportReporter -->
<testsuite hostname="DESKTOP-RKDJRII" failures="0" tests="1" name="testscripts.ThirdTest" time="22.277" errors="0" timestamp="2023-02-18T09:48:04 IST" skipped="0">
  <testcase classname="testscripts.ThirdTest" name="thirdTest" time="22.277"/>
  <system-out/>
</testsuite> <!-- testscripts.ThirdTest -->
